0 info it worked if it ends with ok
1 verbose cli [ 'C:\\Program Files\\nodejs\\node.exe',
1 verbose cli   'C:\\Program Files\\nodejs\\node_modules\\npm\\bin\\npm-cli.js',
1 verbose cli   'run',
1 verbose cli   'dev' ]
2 info using npm@4.0.5
3 info using node@v7.4.0
4 verbose run-script [ 'predev', 'dev', 'postdev' ]
5 info lifecycle jokecounter@1.0.0~predev: jokecounter@1.0.0
6 silly lifecycle jokecounter@1.0.0~predev: no script for predev, continuing
7 info lifecycle jokecounter@1.0.0~dev: jokecounter@1.0.0
8 verbose lifecycle jokecounter@1.0.0~dev: unsafe-perm in lifecycle true
9 verbose lifecycle jokecounter@1.0.0~dev: PATH: C:\Program Files\nodejs\node_modules\npm\bin\node-gyp-bin;E:\web_projects\jokeCounter\node_modules\.bin;C:\WINDOWS\system32;C:\WINDOWS;C:\WINDOWS\System32\Wbem;C:\WINDOWS\System32\WindowsPowerShell\v1.0\;C:\Program Files\TortoiseSVN\bin;C:\Program Files\Git\cmd;C:\Program Files\nodejs\;C:\Program Files (x86)\Skype\Phone\;C:\Program Files (x86)\Yarn\bin;C:\php;C:\Apache24;C:\Apache24\bin;C:\Users\dRakhmanov\AppData\Local\Microsoft\WindowsApps;C:\Program Files (x86)\Microsoft VS Code\bin;C:\Users\dRakhmanov\AppData\Roaming\npm;C:\Users\dRakhmanov\AppData\Local\Yarn\.bin
10 verbose lifecycle jokecounter@1.0.0~dev: CWD: E:\web_projects\jokeCounter
11 silly lifecycle jokecounter@1.0.0~dev: Args: [ '/d /s /c',
11 silly lifecycle   'cross-env NODE_ENV=development babel-node ./bin/start.js' ]
12 silly lifecycle jokecounter@1.0.0~dev: Returned: code: 1  signal: null
13 info lifecycle jokecounter@1.0.0~dev: Failed to exec dev script
14 verbose stack Error: jokecounter@1.0.0 dev: `cross-env NODE_ENV=development babel-node ./bin/start.js`
14 verbose stack Exit status 1
14 verbose stack     at EventEmitter.<anonymous> (C:\Program Files\nodejs\node_modules\npm\lib\utils\lifecycle.js:279:16)
14 verbose stack     at emitTwo (events.js:106:13)
14 verbose stack     at EventEmitter.emit (events.js:191:7)
14 verbose stack     at ChildProcess.<anonymous> (C:\Program Files\nodejs\node_modules\npm\lib\utils\spawn.js:40:14)
14 verbose stack     at emitTwo (events.js:106:13)
14 verbose stack     at ChildProcess.emit (events.js:191:7)
14 verbose stack     at maybeClose (internal/child_process.js:885:16)
14 verbose stack     at Process.ChildProcess._handle.onexit (internal/child_process.js:226:5)
15 verbose pkgid jokecounter@1.0.0
16 verbose cwd E:\web_projects\jokeCounter
17 error Windows_NT 10.0.14393
18 error argv "C:\\Program Files\\nodejs\\node.exe" "C:\\Program Files\\nodejs\\node_modules\\npm\\bin\\npm-cli.js" "run" "dev"
19 error node v7.4.0
20 error npm  v4.0.5
21 error code ELIFECYCLE
22 error jokecounter@1.0.0 dev: `cross-env NODE_ENV=development babel-node ./bin/start.js`
22 error Exit status 1
23 error Failed at the jokecounter@1.0.0 dev script 'cross-env NODE_ENV=development babel-node ./bin/start.js'.
23 error Make sure you have the latest version of node.js and npm installed.
23 error If you do, this is most likely a problem with the jokecounter package,
23 error not with npm itself.
23 error Tell the author that this fails on your system:
23 error     cross-env NODE_ENV=development babel-node ./bin/start.js
23 error You can get information on how to open an issue for this project with:
23 error     npm bugs jokecounter
23 error Or if that isn't available, you can get their info via:
23 error     npm owner ls jokecounter
23 error There is likely additional logging output above.
24 verbose exit [ 1, true ]
